<?xml version="1.0" encoding="UTF-8"?>
<testsuite xmlns:xsi="http://www.w3.org/2001/XMLSchema-instance" xsi:noNamespaceSchemaLocation="https://maven.apache.org/surefire/maven-surefire-plugin/xsd/surefire-test-report.xsd" name="com.itheima.publisher.SprintAmqpTest" time="2.699" tests="1" errors="0" skipped="0" failures="0">
  <properties>
    <property name="sun.desktop" value="gnome"/>
    <property name="awt.toolkit" value="sun.awt.X11.XToolkit"/>
    <property name="file.encoding.pkg" value="sun.io"/>
    <property name="java.specification.version" value="1.8"/>
    <property name="sun.cpu.isalist" value=""/>
    <property name="sun.jnu.encoding" value="UTF-8"/>
    <property name="java.class.path" value="/home/da/coding/tutorials/rabbitmq/mq-demo/publisher/target/test-classes:/home/da/coding/tutorials/rabbitmq/mq-demo/publisher/target/classes:/home/da/.m2/repository/org/projectlombok/lombok/1.18.26/lombok-1.18.26.jar:/home/da/.m2/repository/org/springframework/boot/spring-boot-starter-amqp/2.7.12/spring-boot-starter-amqp-2.7.12.jar:/home/da/.m2/repository/org/springframework/boot/spring-boot-starter/2.7.12/spring-boot-starter-2.7.12.jar:/home/da/.m2/repository/org/springframework/boot/spring-boot/2.7.12/spring-boot-2.7.12.jar:/home/da/.m2/repository/org/springframework/boot/spring-boot-autoconfigure/2.7.12/spring-boot-autoconfigure-2.7.12.jar:/home/da/.m2/repository/org/springframework/boot/spring-boot-starter-logging/2.7.12/spring-boot-starter-logging-2.7.12.jar:/home/da/.m2/repository/ch/qos/logback/logback-classic/1.2.12/logback-classic-1.2.12.jar:/home/da/.m2/repository/ch/qos/logback/logback-core/1.2.12/logback-core-1.2.12.jar:/home/da/.m2/repository/org/apache/logging/log4j/log4j-to-slf4j/2.17.2/log4j-to-slf4j-2.17.2.jar:/home/da/.m2/repository/org/apache/logging/log4j/log4j-api/2.17.2/log4j-api-2.17.2.jar:/home/da/.m2/repository/org/slf4j/jul-to-slf4j/1.7.36/jul-to-slf4j-1.7.36.jar:/home/da/.m2/repository/jakarta/annotation/jakarta.annotation-api/1.3.5/jakarta.annotation-api-1.3.5.jar:/home/da/.m2/repository/org/yaml/snakeyaml/1.30/snakeyaml-1.30.jar:/home/da/.m2/repository/org/springframework/spring-messaging/5.3.27/spring-messaging-5.3.27.jar:/home/da/.m2/repository/org/springframework/spring-beans/5.3.27/spring-beans-5.3.27.jar:/home/da/.m2/repository/org/springframework/amqp/spring-rabbit/2.4.12/spring-rabbit-2.4.12.jar:/home/da/.m2/repository/org/springframework/amqp/spring-amqp/2.4.12/spring-amqp-2.4.12.jar:/home/da/.m2/repository/org/springframework/retry/spring-retry/1.3.4/spring-retry-1.3.4.jar:/home/da/.m2/repository/com/rabbitmq/amqp-client/5.14.2/amqp-client-5.14.2.jar:/home/da/.m2/repository/org/springframework/spring-context/5.3.27/spring-context-5.3.27.jar:/home/da/.m2/repository/org/springframework/spring-aop/5.3.27/spring-aop-5.3.27.jar:/home/da/.m2/repository/org/springframework/spring-expression/5.3.27/spring-expression-5.3.27.jar:/home/da/.m2/repository/org/springframework/spring-tx/5.3.27/spring-tx-5.3.27.jar:/home/da/.m2/repository/org/springframework/boot/spring-boot-starter-test/2.7.12/spring-boot-starter-test-2.7.12.jar:/home/da/.m2/repository/org/springframework/boot/spring-boot-test/2.7.12/spring-boot-test-2.7.12.jar:/home/da/.m2/repository/org/springframework/boot/spring-boot-test-autoconfigure/2.7.12/spring-boot-test-autoconfigure-2.7.12.jar:/home/da/.m2/repository/com/jayway/jsonpath/json-path/2.7.0/json-path-2.7.0.jar:/home/da/.m2/repository/net/minidev/json-smart/2.4.11/json-smart-2.4.11.jar:/home/da/.m2/repository/net/minidev/accessors-smart/2.4.11/accessors-smart-2.4.11.jar:/home/da/.m2/repository/org/ow2/asm/asm/9.3/asm-9.3.jar:/home/da/.m2/repository/org/slf4j/slf4j-api/1.7.36/slf4j-api-1.7.36.jar:/home/da/.m2/repository/jakarta/xml/bind/jakarta.xml.bind-api/2.3.3/jakarta.xml.bind-api-2.3.3.jar:/home/da/.m2/repository/jakarta/activation/jakarta.activation-api/1.2.2/jakarta.activation-api-1.2.2.jar:/home/da/.m2/repository/org/assertj/assertj-core/3.22.0/assertj-core-3.22.0.jar:/home/da/.m2/repository/org/hamcrest/hamcrest/2.2/hamcrest-2.2.jar:/home/da/.m2/repository/org/junit/jupiter/junit-jupiter/5.8.2/junit-jupiter-5.8.2.jar:/home/da/.m2/repository/org/junit/jupiter/junit-jupiter-api/5.8.2/junit-jupiter-api-5.8.2.jar:/home/da/.m2/repository/org/opentest4j/opentest4j/1.2.0/opentest4j-1.2.0.jar:/home/da/.m2/repository/org/junit/platform/junit-platform-commons/1.8.2/junit-platform-commons-1.8.2.jar:/home/da/.m2/repository/org/apiguardian/apiguardian-api/1.1.2/apiguardian-api-1.1.2.jar:/home/da/.m2/repository/org/junit/jupiter/junit-jupiter-params/5.8.2/junit-jupiter-params-5.8.2.jar:/home/da/.m2/repository/org/junit/jupiter/junit-jupiter-engine/5.8.2/junit-jupiter-engine-5.8.2.jar:/home/da/.m2/repository/org/junit/platform/junit-platform-engine/1.8.2/junit-platform-engine-1.8.2.jar:/home/da/.m2/repository/org/mockito/mockito-core/4.5.1/mockito-core-4.5.1.jar:/home/da/.m2/repository/net/bytebuddy/byte-buddy/1.12.23/byte-buddy-1.12.23.jar:/home/da/.m2/repository/net/bytebuddy/byte-buddy-agent/1.12.23/byte-buddy-agent-1.12.23.jar:/home/da/.m2/repository/org/objenesis/objenesis/3.2/objenesis-3.2.jar:/home/da/.m2/repository/org/mockito/mockito-junit-jupiter/4.5.1/mockito-junit-jupiter-4.5.1.jar:/home/da/.m2/repository/org/skyscreamer/jsonassert/1.5.1/jsonassert-1.5.1.jar:/home/da/.m2/repository/com/vaadin/external/google/android-json/0.0.20131108.vaadin1/android-json-0.0.20131108.vaadin1.jar:/home/da/.m2/repository/org/springframework/spring-core/5.3.27/spring-core-5.3.27.jar:/home/da/.m2/repository/org/springframework/spring-jcl/5.3.27/spring-jcl-5.3.27.jar:/home/da/.m2/repository/org/springframework/spring-test/5.3.27/spring-test-5.3.27.jar:/home/da/.m2/repository/org/xmlunit/xmlunit-core/2.9.1/xmlunit-core-2.9.1.jar:"/>
    <property name="java.vm.vendor" value="Amazon.com Inc."/>
    <property name="sun.arch.data.model" value="64"/>
    <property name="java.vendor.url" value="https://aws.amazon.com/corretto/"/>
    <property name="user.timezone" value=""/>
    <property name="java.vm.specification.version" value="1.8"/>
    <property name="os.name" value="Linux"/>
    <property name="user.country" value="US"/>
    <property name="sun.java.launcher" value="SUN_STANDARD"/>
    <property name="sun.boot.library.path" value="/home/da/.sdkman/candidates/java/8.0.432-amzn/jre/lib/amd64"/>
    <property name="sun.java.command" value="/home/da/coding/tutorials/rabbitmq/mq-demo/publisher/target/surefire/surefirebooter6912269579852496304.jar /home/da/coding/tutorials/rabbitmq/mq-demo/publisher/target/surefire 2025-01-22T22-08-46_908-jvmRun1 surefire4071667486809487225tmp surefire_0690981619598882817tmp"/>
    <property name="test" value="SprintAmqpTest#testWorkQueue"/>
    <property name="surefire.test.class.path" value="/home/da/coding/tutorials/rabbitmq/mq-demo/publisher/target/test-classes:/home/da/coding/tutorials/rabbitmq/mq-demo/publisher/target/classes:/home/da/.m2/repository/org/projectlombok/lombok/1.18.26/lombok-1.18.26.jar:/home/da/.m2/repository/org/springframework/boot/spring-boot-starter-amqp/2.7.12/spring-boot-starter-amqp-2.7.12.jar:/home/da/.m2/repository/org/springframework/boot/spring-boot-starter/2.7.12/spring-boot-starter-2.7.12.jar:/home/da/.m2/repository/org/springframework/boot/spring-boot/2.7.12/spring-boot-2.7.12.jar:/home/da/.m2/repository/org/springframework/boot/spring-boot-autoconfigure/2.7.12/spring-boot-autoconfigure-2.7.12.jar:/home/da/.m2/repository/org/springframework/boot/spring-boot-starter-logging/2.7.12/spring-boot-starter-logging-2.7.12.jar:/home/da/.m2/repository/ch/qos/logback/logback-classic/1.2.12/logback-classic-1.2.12.jar:/home/da/.m2/repository/ch/qos/logback/logback-core/1.2.12/logback-core-1.2.12.jar:/home/da/.m2/repository/org/apache/logging/log4j/log4j-to-slf4j/2.17.2/log4j-to-slf4j-2.17.2.jar:/home/da/.m2/repository/org/apache/logging/log4j/log4j-api/2.17.2/log4j-api-2.17.2.jar:/home/da/.m2/repository/org/slf4j/jul-to-slf4j/1.7.36/jul-to-slf4j-1.7.36.jar:/home/da/.m2/repository/jakarta/annotation/jakarta.annotation-api/1.3.5/jakarta.annotation-api-1.3.5.jar:/home/da/.m2/repository/org/yaml/snakeyaml/1.30/snakeyaml-1.30.jar:/home/da/.m2/repository/org/springframework/spring-messaging/5.3.27/spring-messaging-5.3.27.jar:/home/da/.m2/repository/org/springframework/spring-beans/5.3.27/spring-beans-5.3.27.jar:/home/da/.m2/repository/org/springframework/amqp/spring-rabbit/2.4.12/spring-rabbit-2.4.12.jar:/home/da/.m2/repository/org/springframework/amqp/spring-amqp/2.4.12/spring-amqp-2.4.12.jar:/home/da/.m2/repository/org/springframework/retry/spring-retry/1.3.4/spring-retry-1.3.4.jar:/home/da/.m2/repository/com/rabbitmq/amqp-client/5.14.2/amqp-client-5.14.2.jar:/home/da/.m2/repository/org/springframework/spring-context/5.3.27/spring-context-5.3.27.jar:/home/da/.m2/repository/org/springframework/spring-aop/5.3.27/spring-aop-5.3.27.jar:/home/da/.m2/repository/org/springframework/spring-expression/5.3.27/spring-expression-5.3.27.jar:/home/da/.m2/repository/org/springframework/spring-tx/5.3.27/spring-tx-5.3.27.jar:/home/da/.m2/repository/org/springframework/boot/spring-boot-starter-test/2.7.12/spring-boot-starter-test-2.7.12.jar:/home/da/.m2/repository/org/springframework/boot/spring-boot-test/2.7.12/spring-boot-test-2.7.12.jar:/home/da/.m2/repository/org/springframework/boot/spring-boot-test-autoconfigure/2.7.12/spring-boot-test-autoconfigure-2.7.12.jar:/home/da/.m2/repository/com/jayway/jsonpath/json-path/2.7.0/json-path-2.7.0.jar:/home/da/.m2/repository/net/minidev/json-smart/2.4.11/json-smart-2.4.11.jar:/home/da/.m2/repository/net/minidev/accessors-smart/2.4.11/accessors-smart-2.4.11.jar:/home/da/.m2/repository/org/ow2/asm/asm/9.3/asm-9.3.jar:/home/da/.m2/repository/org/slf4j/slf4j-api/1.7.36/slf4j-api-1.7.36.jar:/home/da/.m2/repository/jakarta/xml/bind/jakarta.xml.bind-api/2.3.3/jakarta.xml.bind-api-2.3.3.jar:/home/da/.m2/repository/jakarta/activation/jakarta.activation-api/1.2.2/jakarta.activation-api-1.2.2.jar:/home/da/.m2/repository/org/assertj/assertj-core/3.22.0/assertj-core-3.22.0.jar:/home/da/.m2/repository/org/hamcrest/hamcrest/2.2/hamcrest-2.2.jar:/home/da/.m2/repository/org/junit/jupiter/junit-jupiter/5.8.2/junit-jupiter-5.8.2.jar:/home/da/.m2/repository/org/junit/jupiter/junit-jupiter-api/5.8.2/junit-jupiter-api-5.8.2.jar:/home/da/.m2/repository/org/opentest4j/opentest4j/1.2.0/opentest4j-1.2.0.jar:/home/da/.m2/repository/org/junit/platform/junit-platform-commons/1.8.2/junit-platform-commons-1.8.2.jar:/home/da/.m2/repository/org/apiguardian/apiguardian-api/1.1.2/apiguardian-api-1.1.2.jar:/home/da/.m2/repository/org/junit/jupiter/junit-jupiter-params/5.8.2/junit-jupiter-params-5.8.2.jar:/home/da/.m2/repository/org/junit/jupiter/junit-jupiter-engine/5.8.2/junit-jupiter-engine-5.8.2.jar:/home/da/.m2/repository/org/junit/platform/junit-platform-engine/1.8.2/junit-platform-engine-1.8.2.jar:/home/da/.m2/repository/org/mockito/mockito-core/4.5.1/mockito-core-4.5.1.jar:/home/da/.m2/repository/net/bytebuddy/byte-buddy/1.12.23/byte-buddy-1.12.23.jar:/home/da/.m2/repository/net/bytebuddy/byte-buddy-agent/1.12.23/byte-buddy-agent-1.12.23.jar:/home/da/.m2/repository/org/objenesis/objenesis/3.2/objenesis-3.2.jar:/home/da/.m2/repository/org/mockito/mockito-junit-jupiter/4.5.1/mockito-junit-jupiter-4.5.1.jar:/home/da/.m2/repository/org/skyscreamer/jsonassert/1.5.1/jsonassert-1.5.1.jar:/home/da/.m2/repository/com/vaadin/external/google/android-json/0.0.20131108.vaadin1/android-json-0.0.20131108.vaadin1.jar:/home/da/.m2/repository/org/springframework/spring-core/5.3.27/spring-core-5.3.27.jar:/home/da/.m2/repository/org/springframework/spring-jcl/5.3.27/spring-jcl-5.3.27.jar:/home/da/.m2/repository/org/springframework/spring-test/5.3.27/spring-test-5.3.27.jar:/home/da/.m2/repository/org/xmlunit/xmlunit-core/2.9.1/xmlunit-core-2.9.1.jar:"/>
    <property name="sun.cpu.endian" value="little"/>
    <property name="user.home" value="/home/da"/>
    <property name="user.language" value="en"/>
    <property name="java.specification.vendor" value="Oracle Corporation"/>
    <property name="java.home" value="/home/da/.sdkman/candidates/java/8.0.432-amzn/jre"/>
    <property name="basedir" value="/home/da/coding/tutorials/rabbitmq/mq-demo/publisher"/>
    <property name="file.separator" value="/"/>
    <property name="line.separator" value="&#10;"/>
    <property name="java.vm.specification.vendor" value="Oracle Corporation"/>
    <property name="java.specification.name" value="Java Platform API Specification"/>
    <property name="java.awt.graphicsenv" value="sun.awt.X11GraphicsEnvironment"/>
    <property name="surefire.real.class.path" value="/home/da/coding/tutorials/rabbitmq/mq-demo/publisher/target/surefire/surefirebooter6912269579852496304.jar"/>
    <property name="sun.boot.class.path" value="/home/da/.sdkman/candidates/java/8.0.432-amzn/jre/lib/resources.jar:/home/da/.sdkman/candidates/java/8.0.432-amzn/jre/lib/rt.jar:/home/da/.sdkman/candidates/java/8.0.432-amzn/jre/lib/sunrsasign.jar:/home/da/.sdkman/candidates/java/8.0.432-amzn/jre/lib/jsse.jar:/home/da/.sdkman/candidates/java/8.0.432-amzn/jre/lib/jce.jar:/home/da/.sdkman/candidates/java/8.0.432-amzn/jre/lib/charsets.jar:/home/da/.sdkman/candidates/java/8.0.432-amzn/jre/lib/jfr.jar:/home/da/.sdkman/candidates/java/8.0.432-amzn/jre/classes"/>
    <property name="sun.management.compiler" value="HotSpot 64-Bit Tiered Compilers"/>
    <property name="java.runtime.version" value="1.8.0_432-b06"/>
    <property name="user.name" value="da"/>
    <property name="path.separator" value=":"/>
    <property name="os.version" value="6.8.0-51-generic"/>
    <property name="java.endorsed.dirs" value="/home/da/.sdkman/candidates/java/8.0.432-amzn/jre/lib/endorsed"/>
    <property name="java.runtime.name" value="OpenJDK Runtime Environment"/>
    <property name="file.encoding" value="UTF-8"/>
    <property name="java.vm.name" value="OpenJDK 64-Bit Server VM"/>
    <property name="localRepository" value="/home/da/.m2/repository"/>
    <property name="java.vendor.url.bug" value="https://github.com/corretto/corretto-8/issues/"/>
    <property name="java.io.tmpdir" value="/tmp"/>
    <property name="java.version" value="1.8.0_432"/>
    <property name="user.dir" value="/home/da/coding/tutorials/rabbitmq/mq-demo/publisher"/>
    <property name="os.arch" value="amd64"/>
    <property name="java.vm.specification.name" value="Java Virtual Machine Specification"/>
    <property name="java.awt.printerjob" value="sun.print.PSPrinterJob"/>
    <property name="sun.os.patch.level" value="unknown"/>
    <property name="java.library.path" value="/usr/java/packages/lib/amd64:/usr/lib64:/lib64:/lib:/usr/lib"/>
    <property name="java.vm.info" value="mixed mode"/>
    <property name="java.vendor" value="Amazon.com Inc."/>
    <property name="java.vm.version" value="25.432-b06"/>
    <property name="java.specification.maintenance.version" value="6"/>
    <property name="java.ext.dirs" value="/home/da/.sdkman/candidates/java/8.0.432-amzn/jre/lib/ext:/usr/java/packages/lib/ext"/>
    <property name="sun.io.unicode.encoding" value="UnicodeLittle"/>
    <property name="java.class.version" value="52.0"/>
  </properties>
  <testcase name="testWorkQueue" classname="com.itheima.publisher.SprintAmqpTest" time="1.316"/>
</testsuite>